#
#model:
#
#<?xml version="1.0" encoding="UTF-8" standalone="no"?><input id="posterior" spec="beast.base.inference.CompoundDistribution">
#    <distribution id="treeLikelihood" spec="beast.base.evolution.likelihood.TreeLikelihood">
#        <tree id="tree" spec="beast.base.evolution.tree.Tree">
#            <trait id="timeTraitSet" spec="beast.base.evolution.tree.TraitSet" traitname="date-forward" value="SEA_2005.510_Cambodia/7/2005_H3N2=2005.510,     SEA_2005.510_Cambodia/9/2005_H3N2=2005.510,     SEA_2003.189_MALAYSIA/226/2003_H3N2=2003.189,     SEA_2003.307_Malaysia/434/2003_H3N2=2003.307,     SEA_2003.773_MALAYSIA/768/2003_H3N2=2003.773,     SEA_2004.005_Malaysia/1/2004_H3N2=2004.005,     SEA_2004.052_Malaysia/1522/2004_H3N2=2004.052,     SEA_2004.123_MALAYSIA/2556/2004_H3N2=2004.123,     SEA_2004.139_MALAYSIA/452/2004_H3N2=2004.139,     SEA_2004.189_MALAYSIA/661/2004_H3N2=2004.189,     SEA_2004.437_MALAYSIA/1344/2004_H3N2=2004.437,     SEA_2004.536_Malaysia/1522/2004_H3N2=2004.536,     SEA_2004.683_Malaysia/1875/2004_H3N2=2004.683,     SEA_2004.708_Malaysia/25/2004_H3N2=2004.708,     SEA_2004.746_Malaysia/2050/2004_H3N2=2004.746,     SEA_2004.822_MALAYSIA/2256/2004_H3N2=2004.822,     SEA_2005.066_Malaysia/99/2005_H3N2=2005.066,     SEA_2005.562_Myanmar/M005/2005_H3N2=2005.562,     SEA_2003.553_PHILIPPINES/621/2003_H3N2=2003.553,     SEA_2003.553_PHILIPPINES/629/2003_H3N2=2003.553,     SEA_2003.630_PHILIPPINES/1116/2003_H3N2=2003.630,     SEA_2003.677_PHILIPPINES/1320/2003_H3N2=2003.677,     SEA_2003.732_Philippines/825/2003_H3N2=2003.732,     SEA_2005.411_Philippines/498/2005_H3N2=2005.411,     SEA_2005.507_Philippines/625/2005_H3N2=2005.507,     SEA_2003.019_SINGAPORE/7/2003_H3N2=2003.019,     SEA_2003.041_SINGAPORE/16/2003_H3N2=2003.041,     SEA_2003.066_SINGAPORE/37/2003_H3N2=2003.066,     SEA_2003.838_SINGAPORE/95/2003_H3N2=2003.838,     SEA_2003.863_SINGAPORE/107/2003_H3N2=2003.863,     SEA_2004.025_Singapore/1/2004_H3N2=2004.025,     SEA_2004.216_SINGAPORE/15/2004_H3N2=2004.216,     SEA_2004.434_Singapore/37/2004_H3N2=2004.434,     SEA_2004.456_Singapore/36/2004_H3N2=2004.456,     SEA_2004.456_Singpaore/38/2004_H3N2=2004.456,     SEA_2004.858_SINGAPORE/68/2004_H3N2=2004.858,     SEA_2005.036_Singapore/02/2005_H3N2=2005.036,     SEA_2005.414_SINGAPORE/35/2005_H3N2=2005.414,     SEA_2005.433_SINGAPORE/38/2005_H3N2=2005.433,     SEA_2003.479_CHANTHABURI/219/2003_H3N2=2003.479,     SEA_2003.559_BANGKOK/1340/2004_H3N2=2003.559,     SEA_2003.611_Mae_Hong_Son/317/2003_H3N2=2003.611,     SEA_2003.611_Mae_Hong_Son/330/2003_H3N2=2003.611,     SEA_2004.036_Bangkok/24/2004_H3N2=2004.036,     SEA_2004.098_Nakhon_Ratachasima/635/2004_H3N2=2004.098,     SEA_2004.098_Nakhonratchasima/635/2004987_H3N2=2004.098,     SEA_2004.194_BANGKOK/1158/2004_H3N2=2004.194,     SEA_2004.445_THAILAND/1419/2004_H3N2=2004.445,     SEA_2004.669_BANGKOK/1563/2004_H3N2=2004.669,     SEA_2004.727_SARABURI/1792/2004_H3N2=2004.727,     SEA_2004.809_Lop_Buri/3128/2004_H3N2=2004.809,     SEA_2005.200_Thailand/TH-TH-129-05/2005_H3N2=2005.200,     SEA_2005.219_THAILAND/123/2005_H3N2=2005.219,     SEA_2005.277_Thailand/141/2005_H3N2=2005.277,     SEA_2005.315_THAILAND/154/2005_H3N2=2005.315,     SEA_2005.411_THAILAND/196/2005_H3N2=2005.411,     SEA_2005.477_THAILAND/257/2005_H3N2=2005.477,     SEA_2005.529_Thailand/263/2005_H3N2=2005.529,     SEA_2005.584_THAILAND/308/2005_H3N2=2005.584,     AU_2003.562_TOWNSVILLE/1/2003_H3N2=2003.562,     AU_2003.592_PERTH/3/2003_H3N2=2003.592,     AU_2003.608_Queensland/36/2003_H3N2=2003.608,     AU_2003.622_BRISBANE/72/2003_H3N2=2003.622,     AU_2003.630_PERTH/5/2003_H3N2=2003.630,     AU_2003.633_South_Australia/19/2003_H3N2=2003.633,     AU_2003.636_BRISBANE/68/2003_H3N2=2003.636,     AU_2003.682_South_Australia/39/2003_H3N2=2003.682,     AU_2003.693_Queensland/40/2003_H3N2=2003.693,     AU_2003.699_Western_Australia/43/2003_H3N2=2003.699,     AU_2003.721_VICTORIA/590/2003_H3N2=2003.721,     AU_2004.617_Victoria/500/2004_H3N2=2004.617,     AU_2004.702_BRISBANE/25/2004_H3N2=2004.702,     AU_2004.721_Victoria/513/2004_H3N2=2004.721,     AU_2004.751_Queensland/49/2004_H3N2=2004.751,     AU_2004.762_VICTORIA/144/2004_H3N2=2004.762,     AU_2004.822_Queensland/50/2004_H3N2=2004.822,     AU_2004.842_Victoria/523/2004_H3N2=2004.842,     AU_2005.014_Perth/1/2005_H3N2=2005.014,     AU_2005.468_BRISBANE/48/2005_H3N2=2005.468,     AU_2005.468_Victoria/512/2005_egg_passaged_H3N2=2005.468,     AU_2005.490_Western_Australia/66/2005_H3N2=2005.490,     AU_2005.534_VICTORIA/533/2005_H3N2=2005.534,     AU_2005.567_Queensland/53/2005_H3N2=2005.567,     AU_2005.570_Western_Australia/75/2005_H3N2=2005.570,     AU_2005.595_BRISBANE/119/2005_H3N2=2005.595,     AU_2005.611_Queensland/54/2005_H3N2=2005.611,     NZ_2003.488_Waikato/94/2003_H3N2_HA=2003.488,     NZ_2003.537_Canterbury/416/2003_H3N2_HA=2003.537,     NZ_2003.537_Canterbury/426/2003_H3N2_HA=2003.537,     NZ_2003.537_Canterbury/427/2003_H3N2_HA=2003.537,     NZ_2003.540_Canterbury/435/2003_H3N2_HA=2003.540,     NZ_2003.542_Canterbury/439/2003_H3N2_HA=2003.542,     NZ_2003.510_Canterbury/406/2003_H3N2_HA=2003.510,     NZ_2003.512_Canterbury/410/2003_H3N2_HA=2003.512,     NZ_2003.627_Canterbury/392/2003_H3N2_HA=2003.627,     NZ_2003.595_Canterbury/441/2003_H3N2_HA=2003.595,     NZ_2003.600_Waikato/150/2003_H3N2_HA=2003.600,     NZ_2004.675_Waikato/3/2004_H3N2_HA=2004.675,     NZ_2004.680_Waikato/21/2004_H3N2_HA=2004.680,     NZ_2004.686_Waikato/22/2004_H3N2_HA=2004.686,     NZ_2004.691_Canterbury/102/2004_H3N2_HA=2004.691,     NZ_2004.702_Bay_of_Plenty/383/2004_H3N2_HA=2004.702,     NZ_2004.721_Wellington/38/2004_H3N2_HA=2004.721,     NZ_2004.724_Wellington/35/2004_H3N2_HA=2004.724,     NZ_2004.730_Canterbury/209/2004_H3N2_HA=2004.730,     NZ_2004.743_Canterbury/315/2004_H3N2_HA=2004.743,     NZ_2004.768_Canterbury/311/2004_H3N2_HA=2004.768,     NZ_2004.770_Waikato/69/2004_H3N2_HA=2004.770,     NZ_2004.787_Waikato/71/2004_H3N2_HA=2004.787,     NZ_2005.173_Canterbury/01/2005_H3N2_HA=2005.173,     NZ_2005.518_Canterbury/166/2005_H3N2_HA=2005.518,     NZ_2005.526_Canterbury/186/2005_H3N2_HA=2005.526,     NZ_2005.605_Waikato/16/2005_H3N2_HA=2005.605,     NZ_2005.622_Waikato/9/2005_H3N2_HA=2005.622,     NZ_2005.641_Canterbury/253/2005_H3N2_HA=2005.641,     NY_2003.055_CY003680_NY/485/2003_H3N2=2003.055,     NY_2003.348_CY001469_NY/203/2003_H3N2=2003.348,     NY_2003.833_New_York/11/2003_H3N2=2003.833,     NY_2003.882_New_York/270/2003_H3N2=2003.882,     NY_2003.885_New_York/477/2003_H3N2=2003.885,     NY_2003.910_New_York/272/2003_H3N2=2003.910,     NY_2003.926_New_York/37/2003_H3N2=2003.926,     NY_2003.937_New_York/44/2003_H3N2=2003.937,     NY_2003.942_New_York/54/2003_H3N2=2003.942,     NY_2003.942_New_York/55/2003_H3N2=2003.942,     NY_2003.951_New_York/12/2003_H3N2=2003.951,     NY_2003.978_New_York/66/2003_H3N2=2003.978,     NY_2004.016_New_York/69/2004_H3N2=2004.016,     NY_2004.016_New_York/70/2004_H3N2=2004.016,     NY_2004.025_New_York/33/2004_H3N2=2004.025,     NY_2004.713_New_York/468/2004_H3N2=2004.713,     NY_2004.855_New_York/471/2004_H3N2=2004.855,     NY_2004.863_New_York/190/2004_H3N2=2004.863,     NY_2004.863_New_York/368/2004_H3N2=2004.863,     NY_2004.918_New_York/356/2004_H3N2=2004.918,     NY_2004.918_New_York/358/2004_H3N2=2004.918,     NY_2004.940_New_York/207/2004_H3N2=2004.940,     NY_2004.959_New_York/365/2004_H3N2=2004.959,     NY_2004.973_New_York/392/2004_H3N2=2004.973,     NY_2004.989_New_York/908/2004_H3N2=2004.989,     NY_2004.992_New_York/381/2004_H3N2=2004.992,     NY_2004.992_New_York/385/2004_H3N2=2004.992,     NY_2004.995_New_York/383/2004_H3N2=2004.995,     NY_2005.066_New_York/395/2005_H3N2=2005.066,     NY_2005.090_New_York/361/2005_H3N2=2005.090,     Euro_Austria_2004.150_EU106663_A/Austria/144219/2004=2004.150,     Euro_Austria_2005.167_EU106667_A/Austria/212187/2005=2005.167,     Euro_Austria_2005.156_EU106668_A/Austria/211120/2005=2005.156,     Euro_Austria_2005.156_EU106669_A/Austria/211113/2005=2005.156,     Euro_Austria_2004.153_EU106675_A/Austria/144539/2004=2004.153,     Euro_Austria_2004.038_CY026049_A/Austria/136353/2004=2004.038,     Euro_Austria_2004.052_CY026053_A/Austria/137275/2004=2004.052,     Euro_Austria_2004.057_CY026055_A/Austria/137814/2004=2004.057,     Euro_Austria_2004.060_CY026057_A/Austria/138109/2004=2004.060,     Euro_Austria_2004.060_CY026058_A/Austria/138112/2004=2004.060,     Euro_Austria_2004.071_CY026061_A/Austria/138560/2004=2004.071,     Euro_Austria_2004.074_CY026064_A/Austria/139082/2004=2004.074,     Euro_Austria_2004.107_CY026068_A/Austria/140489/2004=2004.107,     Euro_Austria_2005.052_CY026083_A/Austria/203692/2005=2005.052,     Euro_Austria_2005.066_CY026084_A/Austria/204233/2005=2005.066,     Euro_Austria_2005.066_CY026085_A/Austria/204234/2005=2005.066,     Euro_Austria_2005.115_CY026100_A/Austria/208387/2005=2005.115,     Euro_Austria_2005.129_CY026102_A/Austria/208920/2005=2005.129,     Euro_Austria_2005.132_CY026103_A/Austria/209122/2005=2005.132,     Euro_Austria_2003.211_CY026134_A/Austria/82615/2003=2003.211,     Euro_Finland_2005.195_EU502502_A/FINLAND/618/2005=2005.195,     Euro_Finland_2003.038_EU501247_A/Finland/170/2003=2003.038,     Euro_Finland_2004.973_EU502512_A/Finland/487/2004=2004.973,     Euro_France_2005.014_EF566231_A/Lyon_Chu/01375/2005=2005.014,     Euro_France_2004.820_EU501527_A/POITIERS/719/2004=2004.820,     Euro_France_2005.041_EU502325_A/Paris/PA-S-45670/2005=2005.041,     Euro_Greece_2005.096_EU716082_A/Thessaloniki/43/2005=2005.096,     Euro_Ireland_2003.066_EU502489_A/IRELAND/1215/2003=2003.066,     Euro_Netherlands_2005.545_AB462534_A/Leiden/49293/2005=2005.545,     Euro_Ukraine_2003.948_EU502380_A/Ukraine/UA-2003918069/2003=2003.948">
#                <taxa alignment="@alignment" id="TaxonSetAlignment" spec="beast.base.evolution.alignment.TaxonSet"/>
#            </trait>
#            <taxonset idref="TaxonSetAlignment"/>
#        </tree>
#        <siteModel gammaCategoryCount="4" id="siteModel" spec="beast.base.evolution.sitemodel.SiteModel">
#            <parameter id="mutationRate" name="mutationRate" spec="beast.base.inference.parameter.RealParameter">0.003</parameter>
#            <parameter id="gammaShape" lower="0.0" name="shape" spec="beast.base.inference.parameter.RealParameter" upper="1000.0">1.0</parameter>
#            <substModel id="gtr" spec="beast.base.evolution.substitutionmodel.GTR">
#                <parameter id="rateAC" lower="0.0" name="rateAC" spec="beast.base.inference.parameter.RealParameter" upper="100.0">1.0</parameter>
#                <parameter id="rateAG" lower="0.0" name="rateAG" spec="beast.base.inference.parameter.RealParameter">1.0</parameter>
#                <parameter id="rateAT" lower="0.0" name="rateAT" spec="beast.base.inference.parameter.RealParameter" upper="100.0">1.0</parameter>
#                <parameter id="rateCG" lower="0.0" name="rateCG" spec="beast.base.inference.parameter.RealParameter" upper="100.0">1.0</parameter>
#                <parameter id="rateCT" lower="0.0" name="rateCT" spec="beast.base.inference.parameter.RealParameter" upper="100.0">1.0</parameter>
#                <parameter id="rateGT" lower="0.0" name="rateGT" spec="beast.base.inference.parameter.RealParameter" upper="100.0">1.0</parameter>
#                <frequencies id="freqs" spec="beast.base.evolution.substitutionmodel.Frequencies">
#                    <parameter dimension="4" id="freqParameter" lower="0.0" name="frequencies" spec="beast.base.inference.parameter.RealParameter" upper="1.0">0.25</parameter>
#                </frequencies>
#            </substModel>
#        </siteModel>
#    </distribution>
#    <distribution id="treePrior" spec="bdmmprime.distribution.BirthDeathMigrationDistribution" tree="@tree">
#        <parameterization id="EpiParameterization" spec="bdmmprime.parameterization.EpiParameterization">
#            <R0 id="SkylineVectorParameter" spec="bdmmprime.parameterization.SkylineVectorParameter">
#                <changeTimes id="Function$Constant" spec="beast.base.core.Function$Constant" value="8.11 8.61 9.11 9.61 10.11 10.61 11.11 11.61 12.11 12.61 13.11 13.61 14.11 14.61 15.11 15.61 16.11 16.61 17.11 17.61 18.11 18.61 19.11 19.61"/>
#                <parameter dimension="75" id="R0" lower="0.0" name="skylineValues" spec="beast.base.inference.parameter.RealParameter" upper="Infinity">1.2</parameter>
#            </R0>
#            <becomeUninfectiousRate id="SkylineVectorParameter1" spec="bdmmprime.parameterization.SkylineVectorParameter">
#                <parameter dimension="3" id="becomeUninfectiousRate" lower="0.0" name="skylineValues" spec="beast.base.inference.parameter.RealParameter" upper="Infinity">100.0 100.0 100.0</parameter>
#            </becomeUninfectiousRate>
#            <samplingProportion id="SkylineVectorParameter2" spec="bdmmprime.parameterization.SkylineVectorParameter">
#                <changeTimes id="Function$Constant1" spec="beast.base.core.Function$Constant" value="8.0"/>
#                <parameter dimension="6" id="samplingProportion" lower="0.0" name="skylineValues" spec="beast.base.inference.parameter.RealParameter" upper="1.0">0.0 0.0 0.0 1.0E-4 1.0E-4 1.0E-4</parameter>
#            </samplingProportion>
#            <removalProb id="SkylineVectorParameter3" spec="bdmmprime.parameterization.SkylineVectorParameter">
#                <parameter dimension="3" id="removalProbability" lower="0.0" name="skylineValues" spec="beast.base.inference.parameter.RealParameter" upper="1.0">0.9 0.9 0.9</parameter>
#            </removalProb>
#            <migrationRate id="SkylineMatrixParameter" spec="bdmmprime.parameterization.SkylineMatrixParameter">
#                <parameter dimension="6" id="migrationRelativeMatrix" lower="0.0" name="skylineValues" spec="beast.base.inference.parameter.RealParameter">1.0 1.0 1.0 1.0 1.0 1.0</parameter>
#            </migrationRate>
#            <typeSet id="TypeSet" spec="bdmmprime.parameterization.TypeSet">
#                <typeTraitSet id="typeTraitSet" spec="beast.base.evolution.tree.TraitSet" traitname="type" value="   SEA_2005.510_Cambodia/7/2005_H3N2=1,     SEA_2005.510_Cambodia/9/2005_H3N2=1,     SEA_2003.189_MALAYSIA/226/2003_H3N2=1,     SEA_2003.307_Malaysia/434/2003_H3N2=1,     SEA_2003.773_MALAYSIA/768/2003_H3N2=1,     SEA_2004.005_Malaysia/1/2004_H3N2=1,     SEA_2004.052_Malaysia/1522/2004_H3N2=1,     SEA_2004.123_MALAYSIA/2556/2004_H3N2=1,     SEA_2004.139_MALAYSIA/452/2004_H3N2=1,     SEA_2004.189_MALAYSIA/661/2004_H3N2=1,     SEA_2004.437_MALAYSIA/1344/2004_H3N2=1,     SEA_2004.536_Malaysia/1522/2004_H3N2=1,     SEA_2004.683_Malaysia/1875/2004_H3N2=1,     SEA_2004.708_Malaysia/25/2004_H3N2=1,     SEA_2004.746_Malaysia/2050/2004_H3N2=1,     SEA_2004.822_MALAYSIA/2256/2004_H3N2=1,     SEA_2005.066_Malaysia/99/2005_H3N2=1,     SEA_2005.562_Myanmar/M005/2005_H3N2=1,     SEA_2003.553_PHILIPPINES/621/2003_H3N2=1,     SEA_2003.553_PHILIPPINES/629/2003_H3N2=1,     SEA_2003.630_PHILIPPINES/1116/2003_H3N2=1,     SEA_2003.677_PHILIPPINES/1320/2003_H3N2=1,     SEA_2003.732_Philippines/825/2003_H3N2=1,     SEA_2005.411_Philippines/498/2005_H3N2=1,     SEA_2005.507_Philippines/625/2005_H3N2=1,     SEA_2003.019_SINGAPORE/7/2003_H3N2=1,     SEA_2003.041_SINGAPORE/16/2003_H3N2=1,     SEA_2003.066_SINGAPORE/37/2003_H3N2=1,     SEA_2003.838_SINGAPORE/95/2003_H3N2=1,     SEA_2003.863_SINGAPORE/107/2003_H3N2=1,     SEA_2004.025_Singapore/1/2004_H3N2=1,     SEA_2004.216_SINGAPORE/15/2004_H3N2=1,     SEA_2004.434_Singapore/37/2004_H3N2=1,     SEA_2004.456_Singapore/36/2004_H3N2=1,     SEA_2004.456_Singpaore/38/2004_H3N2=1,     SEA_2004.858_SINGAPORE/68/2004_H3N2=1,     SEA_2005.036_Singapore/02/2005_H3N2=1,     SEA_2005.414_SINGAPORE/35/2005_H3N2=1,     SEA_2005.433_SINGAPORE/38/2005_H3N2=1,     SEA_2003.479_CHANTHABURI/219/2003_H3N2=1,     SEA_2003.559_BANGKOK/1340/2004_H3N2=1,     SEA_2003.611_Mae_Hong_Son/317/2003_H3N2=1,     SEA_2003.611_Mae_Hong_Son/330/2003_H3N2=1,     SEA_2004.036_Bangkok/24/2004_H3N2=1,     SEA_2004.098_Nakhon_Ratachasima/635/2004_H3N2=1,     SEA_2004.098_Nakhonratchasima/635/2004987_H3N2=1,     SEA_2004.194_BANGKOK/1158/2004_H3N2=1,     SEA_2004.445_THAILAND/1419/2004_H3N2=1,     SEA_2004.669_BANGKOK/1563/2004_H3N2=1,     SEA_2004.727_SARABURI/1792/2004_H3N2=1,     SEA_2004.809_Lop_Buri/3128/2004_H3N2=1,     SEA_2005.200_Thailand/TH-TH-129-05/2005_H3N2=1,     SEA_2005.219_THAILAND/123/2005_H3N2=1,     SEA_2005.277_Thailand/141/2005_H3N2=1,     SEA_2005.315_THAILAND/154/2005_H3N2=1,     SEA_2005.411_THAILAND/196/2005_H3N2=1,     SEA_2005.477_THAILAND/257/2005_H3N2=1,     SEA_2005.529_Thailand/263/2005_H3N2=1,     SEA_2005.584_THAILAND/308/2005_H3N2=1,     AU_2003.562_TOWNSVILLE/1/2003_H3N2=2,     AU_2003.592_PERTH/3/2003_H3N2=2,     AU_2003.608_Queensland/36/2003_H3N2=2,     AU_2003.622_BRISBANE/72/2003_H3N2=2,     AU_2003.630_PERTH/5/2003_H3N2=2,     AU_2003.633_South_Australia/19/2003_H3N2=2,     AU_2003.636_BRISBANE/68/2003_H3N2=2,     AU_2003.682_South_Australia/39/2003_H3N2=2,     AU_2003.693_Queensland/40/2003_H3N2=2,     AU_2003.699_Western_Australia/43/2003_H3N2=2,     AU_2003.721_VICTORIA/590/2003_H3N2=2,     AU_2004.617_Victoria/500/2004_H3N2=2,     AU_2004.702_BRISBANE/25/2004_H3N2=2,     AU_2004.721_Victoria/513/2004_H3N2=2,     AU_2004.751_Queensland/49/2004_H3N2=2,     AU_2004.762_VICTORIA/144/2004_H3N2=2,     AU_2004.822_Queensland/50/2004_H3N2=2,     AU_2004.842_Victoria/523/2004_H3N2=2,     AU_2005.014_Perth/1/2005_H3N2=2,     AU_2005.468_BRISBANE/48/2005_H3N2=2,     AU_2005.468_Victoria/512/2005_egg_passaged_H3N2=2,     AU_2005.490_Western_Australia/66/2005_H3N2=2,     AU_2005.534_VICTORIA/533/2005_H3N2=2,     AU_2005.567_Queensland/53/2005_H3N2=2,     AU_2005.570_Western_Australia/75/2005_H3N2=2,     AU_2005.595_BRISBANE/119/2005_H3N2=2,     AU_2005.611_Queensland/54/2005_H3N2=2,     NZ_2003.488_Waikato/94/2003_H3N2_HA=2,     NZ_2003.537_Canterbury/416/2003_H3N2_HA=2,     NZ_2003.537_Canterbury/426/2003_H3N2_HA=2,     NZ_2003.537_Canterbury/427/2003_H3N2_HA=2,     NZ_2003.540_Canterbury/435/2003_H3N2_HA=2,     NZ_2003.542_Canterbury/439/2003_H3N2_HA=2,     NZ_2003.510_Canterbury/406/2003_H3N2_HA=2,     NZ_2003.512_Canterbury/410/2003_H3N2_HA=2,     NZ_2003.627_Canterbury/392/2003_H3N2_HA=2,     NZ_2003.595_Canterbury/441/2003_H3N2_HA=2,     NZ_2003.600_Waikato/150/2003_H3N2_HA=2,     NZ_2004.675_Waikato/3/2004_H3N2_HA=2,     NZ_2004.680_Waikato/21/2004_H3N2_HA=2,     NZ_2004.686_Waikato/22/2004_H3N2_HA=2,     NZ_2004.691_Canterbury/102/2004_H3N2_HA=2,     NZ_2004.702_Bay_of_Plenty/383/2004_H3N2_HA=2,     NZ_2004.721_Wellington/38/2004_H3N2_HA=2,     NZ_2004.724_Wellington/35/2004_H3N2_HA=2,     NZ_2004.730_Canterbury/209/2004_H3N2_HA=2,     NZ_2004.743_Canterbury/315/2004_H3N2_HA=2,     NZ_2004.768_Canterbury/311/2004_H3N2_HA=2,     NZ_2004.770_Waikato/69/2004_H3N2_HA=2,     NZ_2004.787_Waikato/71/2004_H3N2_HA=2,     NZ_2005.173_Canterbury/01/2005_H3N2_HA=2,     NZ_2005.518_Canterbury/166/2005_H3N2_HA=2,     NZ_2005.526_Canterbury/186/2005_H3N2_HA=2,     NZ_2005.605_Waikato/16/2005_H3N2_HA=2,     NZ_2005.622_Waikato/9/2005_H3N2_HA=2,     NZ_2005.641_Canterbury/253/2005_H3N2_HA=2,     NY_2003.055_CY003680_NY/485/2003_H3N2=0,     NY_2003.348_CY001469_NY/203/2003_H3N2=0,     NY_2003.833_New_York/11/2003_H3N2=0,     NY_2003.882_New_York/270/2003_H3N2=0,     NY_2003.885_New_York/477/2003_H3N2=0,     NY_2003.910_New_York/272/2003_H3N2=0,     NY_2003.926_New_York/37/2003_H3N2=0,     NY_2003.937_New_York/44/2003_H3N2=0,     NY_2003.942_New_York/54/2003_H3N2=0,     NY_2003.942_New_York/55/2003_H3N2=0,     NY_2003.951_New_York/12/2003_H3N2=0,     NY_2003.978_New_York/66/2003_H3N2=0,     NY_2004.016_New_York/69/2004_H3N2=0,     NY_2004.016_New_York/70/2004_H3N2=0,     NY_2004.025_New_York/33/2004_H3N2=0,     NY_2004.713_New_York/468/2004_H3N2=0,     NY_2004.855_New_York/471/2004_H3N2=0,     NY_2004.863_New_York/190/2004_H3N2=0,     NY_2004.863_New_York/368/2004_H3N2=0,     NY_2004.918_New_York/356/2004_H3N2=0,     NY_2004.918_New_York/358/2004_H3N2=0,     NY_2004.940_New_York/207/2004_H3N2=0,     NY_2004.959_New_York/365/2004_H3N2=0,     NY_2004.973_New_York/392/2004_H3N2=0,     NY_2004.989_New_York/908/2004_H3N2=0,     NY_2004.992_New_York/381/2004_H3N2=0,     NY_2004.992_New_York/385/2004_H3N2=0,     NY_2004.995_New_York/383/2004_H3N2=0,     NY_2005.066_New_York/395/2005_H3N2=0,     NY_2005.090_New_York/361/2005_H3N2=0,     Euro_Austria_2004.150_EU106663_A/Austria/144219/2004=0,     Euro_Austria_2005.167_EU106667_A/Austria/212187/2005=0,     Euro_Austria_2005.156_EU106668_A/Austria/211120/2005=0,     Euro_Austria_2005.156_EU106669_A/Austria/211113/2005=0,     Euro_Austria_2004.153_EU106675_A/Austria/144539/2004=0,     Euro_Austria_2004.038_CY026049_A/Austria/136353/2004=0,     Euro_Austria_2004.052_CY026053_A/Austria/137275/2004=0,     Euro_Austria_2004.057_CY026055_A/Austria/137814/2004=0,     Euro_Austria_2004.060_CY026057_A/Austria/138109/2004=0,     Euro_Austria_2004.060_CY026058_A/Austria/138112/2004=0,     Euro_Austria_2004.071_CY026061_A/Austria/138560/2004=0,     Euro_Austria_2004.074_CY026064_A/Austria/139082/2004=0,     Euro_Austria_2004.107_CY026068_A/Austria/140489/2004=0,     Euro_Austria_2005.052_CY026083_A/Austria/203692/2005=0,     Euro_Austria_2005.066_CY026084_A/Austria/204233/2005=0,     Euro_Austria_2005.066_CY026085_A/Austria/204234/2005=0,     Euro_Austria_2005.115_CY026100_A/Austria/208387/2005=0,     Euro_Austria_2005.129_CY026102_A/Austria/208920/2005=0,     Euro_Austria_2005.132_CY026103_A/Austria/209122/2005=0,     Euro_Austria_2003.211_CY026134_A/Austria/82615/2003=0,     Euro_Finland_2005.195_EU502502_A/FINLAND/618/2005=0,     Euro_Finland_2003.038_EU501247_A/Finland/170/2003=0,     Euro_Finland_2004.973_EU502512_A/Finland/487/2004=0,     Euro_France_2005.014_EF566231_A/Lyon_Chu/01375/2005=0,     Euro_France_2004.820_EU501527_A/POITIERS/719/2004=0,     Euro_France_2005.041_EU502325_A/Paris/PA-S-45670/2005=0,     Euro_Greece_2005.096_EU716082_A/Thessaloniki/43/2005=0,     Euro_Ireland_2003.066_EU502489_A/IRELAND/1215/2003=0,     Euro_Netherlands_2005.545_AB462534_A/Leiden/49293/2005=0,     Euro_Ukraine_2003.948_EU502380_A/Ukraine/UA-2003918069/2003=0">
#                    <taxa alignment="@alignment" id="TaxonSet" spec="beast.base.evolution.alignment.TaxonSet"/>
#                </typeTraitSet>
#            </typeSet>
#            <parameter id="treeOrigin" lower="0.0" name="processLength" spec="beast.base.inference.parameter.RealParameter">20.0</parameter>
#        </parameterization>
#        <parameter dimension="3" id="geo-frequencies" lower="0.0" name="frequencies" spec="beast.base.inference.parameter.RealParameter" upper="1.0">0.334 0.333 0.333</parameter>
#        <typeTraitSet idref="typeTraitSet"/>
#    </distribution>
#    <distribution id="parameterPriors" spec="beast.base.inference.CompoundDistribution">
#        <prior id="Prior" name="distribution" x="@mutationRate">
#            <LogNormal id="LogNormalDistributionModel" name="distr">
#                <M id="Function$Constant2" spec="beast.base.core.Function$Constant" value="0.0"/>
#                <S id="Function$Constant3" spec="beast.base.core.Function$Constant" value="2.0"/>
#            </LogNormal>
#        </prior>
#        <prior id="Prior1" name="distribution" x="@gammaShape">
#            <Exponential id="Exponential" name="distr">
#                <mean id="Function$Constant4" spec="beast.base.core.Function$Constant" value="1.0"/>
#            </Exponential>
#        </prior>
#        <prior id="Prior2" name="distribution" x="@rateAC">
#            <beast.base.inference.distribution.Gamma id="Gamma" name="distr">
#                <alpha id="Function$Constant5" spec="beast.base.core.Function$Constant" value="0.05"/>
#                <beta id="Function$Constant6" spec="beast.base.core.Function$Constant" value="10.0"/>
#            </beast.base.inference.distribution.Gamma>
#        </prior>
#        <prior id="Prior3" name="distribution" x="@rateGT">
#            <beast.base.inference.distribution.Gamma id="Gamma1" name="distr">
#                <alpha id="Function$Constant7" spec="beast.base.core.Function$Constant" value="0.05"/>
#                <beta id="Function$Constant8" spec="beast.base.core.Function$Constant" value="10.0"/>
#            </beast.base.inference.distribution.Gamma>
#        </prior>
#        <prior id="Prior4" name="distribution" x="@rateAT">
#            <beast.base.inference.distribution.Gamma id="Gamma2" name="distr">
#                <alpha id="Function$Constant9" spec="beast.base.core.Function$Constant" value="0.05"/>
#                <beta id="Function$Constant10" spec="beast.base.core.Function$Constant" value="10.0"/>
#            </beast.base.inference.distribution.Gamma>
#        </prior>
#        <prior id="Prior5" name="distribution" x="@rateCG">
#            <beast.base.inference.distribution.Gamma id="Gamma3" name="distr">
#                <alpha id="Function$Constant11" spec="beast.base.core.Function$Constant" value="0.05"/>
#                <beta id="Function$Constant12" spec="beast.base.core.Function$Constant" value="10.0"/>
#            </beast.base.inference.distribution.Gamma>
#        </prior>
#        <prior id="Prior6" name="distribution" x="@rateCT">
#            <beast.base.inference.distribution.Gamma id="Gamma4" name="distr">
#                <alpha id="Function$Constant13" spec="beast.base.core.Function$Constant" value="0.05"/>
#                <beta id="Function$Constant14" spec="beast.base.core.Function$Constant" value="10.0"/>
#            </beast.base.inference.distribution.Gamma>
#        </prior>
#        <prior id="RPrior" name="distribution" x="@R0">
#            <LogNormal id="LogNormalDistributionModel.04" name="distr">
#                <parameter id="RealParameter.0" lower="0.0" name="M" spec="beast.base.inference.parameter.RealParameter" upper="0.0">0.0</parameter>
#                <parameter id="RealParameter.01" lower="0.0" name="S" spec="beast.base.inference.parameter.RealParameter" upper="0.0">1.0</parameter>
#            </LogNormal>
#        </prior>
#        <prior id="becomeUninfectiousRatePrior" name="distribution" x="@becomeUninfectiousRate">
#            <LogNormal id="LogNormalDistributionModel.06" name="distr">
#                <parameter estimate="false" id="RealParameter.12" name="M" spec="beast.base.inference.parameter.RealParameter">4.5</parameter>
#                <parameter estimate="false" id="RealParameter.13" lower="0.0" name="S" spec="beast.base.inference.parameter.RealParameter">0.15</parameter>
#            </LogNormal>
#        </prior>
#        <prior id="scaleFactorRateMatrixPrior" name="distribution">
#            <parameter id="migrationRateFactor" lower="0.0" name="x" spec="beast.base.inference.parameter.RealParameter">1.0</parameter>
#            <LogNormal id="LogNormalDistributionModel1" name="distr">
#                <M id="Function$Constant15" spec="beast.base.core.Function$Constant" value="0.0"/>
#                <S id="Function$Constant16" spec="beast.base.core.Function$Constant" value="2.0"/>
#            </LogNormal>
#        </prior>
#        <prior id="relativeRateMatrixPrior" name="distribution" x="@migrationRelativeMatrix">
#            <LogNormal id="LogNormalDistributionModel2" name="distr">
#                <M id="Function$Constant17" spec="beast.base.core.Function$Constant" value="0.0"/>
#                <S id="Function$Constant18" spec="beast.base.core.Function$Constant" value="0.5"/>
#            </LogNormal>
#        </prior>
#        <prior id="originPrior" name="distribution" x="@treeOrigin">
#            <LogNormal id="LogNormalDistributionModel3" name="distr">
#                <M id="Function$Constant19" spec="beast.base.core.Function$Constant" value="2.0"/>
#                <S id="Function$Constant20" spec="beast.base.core.Function$Constant" value="1.0"/>
#            </LogNormal>
#        </prior>
#        <prior id="removalProbPrior" name="distribution" x="@removalProbability">
#            <Beta id="Beta" name="distr">
#                <alpha id="Function$Constant21" spec="beast.base.core.Function$Constant" value="10.0"/>
#                <beta id="Function$Constant22" spec="beast.base.core.Function$Constant" value="1.5"/>
#            </Beta>
#        </prior>
#        <distribution id="samplingProportionPrior0" spec="multitypetree.distributions.ExcludablePrior" x="@samplingProportion">
#            <xInclude dimension="6" id="samplingProportionXInclude.t0" spec="beast.base.inference.parameter.BooleanParameter">false true false true false true</xInclude>
#            <Exponential id="Exponential1" name="distr">
#                <mean id="Function$Constant23" spec="beast.base.core.Function$Constant" value="0.001"/>
#            </Exponential>
#        </distribution>
#    </distribution>
#</input>
#
Sample	posterior	treeLikelihood	treePrior	mutationRate	rateAC	rateGT	rateAT	rateCG	rateCT	freqParameter.1	freqParameter.2	freqParameter.3	freqParameter.4	gammaShape	tree.height	treeLength	removalProbability.1	removalProbability.2	removalProbability.3	treeOrigin	samplingProportion.1	samplingProportion.2	samplingProportion.3	samplingProportion.4	samplingProportion.5	samplingProportion.6	migrationRateFactor	migrationRelativeMatrix.1	migrationRelativeMatrix.2	migrationRelativeMatrix.3	migrationRelativeMatrix.4	migrationRelativeMatrix.5	migrationRelativeMatrix.6	becomeUninfectiousRate.1	becomeUninfectiousRate.2	becomeUninfectiousRate.3	R0.1	R0.2	R0.3	R0.4	R0.5	R0.6	R0.7	R0.8	R0.9	R0.10	R0.11	R0.12	R0.13	R0.14	R0.15	R0.16	R0.17	R0.18	R0.19	R0.20	R0.21	R0.22	R0.23	R0.24	R0.25	R0.26	R0.27	R0.28	R0.29	R0.30	R0.31	R0.32	R0.33	R0.34	R0.35	R0.36	R0.37	R0.38	R0.39	R0.40	R0.41	R0.42	R0.43	R0.44	R0.45	R0.46	R0.47	R0.48	R0.49	R0.50	R0.51	R0.52	R0.53	R0.54	R0.55	R0.56	R0.57	R0.58	R0.59	R0.60	R0.61	R0.62	R0.63	R0.64	R0.65	R0.66	R0.67	R0.68	R0.69	R0.70	R0.71	R0.72	R0.73	R0.74	R0.75	geo-frequencies.1	geo-frequencies.2	geo-frequencies.3
0	-15782.948073706968	-12133.659212294853	-3554.5684819700573	0.003	1.0	1.0	1.0	1.0	1.0	0.25	0.25	0.25	0.25	1.0	2.6220026220012533	128.63708762810342	0.9	0.9	0.9	20.0	0.0	0.0	0.0	1.0E-4	1.0E-4	1.0E-4	1.0	1.0	1.0	1.0	1.0	1.0	1.0	100.0	100.0	100.0	1.2	1.2	1.2	1.2	1.2	1.2	1.2	1.2	1.2	1.2	1.2	1.2	1.2	1.2	1.2	1.2	1.2	1.2	1.2	1.2	1.2	1.2	1.2	1.2	1.2	1.2	1.2	1.2	1.2	1.2	1.2	1.2	1.2	1.2	1.2	1.2	1.2	1.2	1.2	1.2	1.2	1.2	1.2	1.2	1.2	1.2	1.2	1.2	1.2	1.2	1.2	1.2	1.2	1.2	1.2	1.2	1.2	1.2	1.2	1.2	1.2	1.2	1.2	1.2	1.2	1.2	1.2	1.2	1.2	1.2	1.2	1.2	1.2	1.2	1.2	0.334	0.333	0.333
